[13:16:43] [ServerMain/INFO]: [bootstrap] Running Java 21 (OpenJDK 64-Bit Server VM 21.0.7+6-Ubuntu-0ubuntu120.04; Ubuntu null) on Linux 6.8.0-1027-azure (amd64)
[13:16:43] [ServerMain/INFO]: [bootstrap] Loading Paper 1.21.4-231-ver/1.21.4@09e9afd (2025-05-19T17:59:36Z) for Minecraft 1.21.4
[13:16:44] [ServerMain/INFO]: [PluginInitializerManager] Initializing plugins...
[13:16:44] [ServerMain/INFO]: [PluginInitializerManager] Initialized 0 plugins
[13:16:45] [Paper Plugin Remapper Thread - 0/INFO]: [ReobfServer] Remapping server...
[13:16:51] [ServerMain/INFO]: Environment: Environment[sessionHost=https://sessionserver.mojang.com, servicesHost=https://api.minecraftservices.com, name=PROD]
[13:16:51] [ServerMain/INFO]: Found new data pack file/bukkit, loading it automatically
[13:16:51] [ServerMain/INFO]: Found new data pack paper, loading it automatically
[13:16:53] [ServerMain/INFO]: No existing world data, creating new world
[13:16:53] [Paper Plugin Remapper Thread - 0/INFO]: [ReobfServer] Done remapping server in 8582ms.
[13:16:54] [ServerMain/INFO]: Loaded 1370 recipes
[13:16:54] [ServerMain/INFO]: Loaded 1481 advancements
[13:16:54] [ServerMain/INFO]: [MCTypeRegistry] Initialising converters for DataConverter...
[13:16:54] [ServerMain/INFO]: [MCTypeRegistry] Finished initialising converters for DataConverter in 248.7ms
[13:16:54] [Server thread/INFO]: Starting minecraft server version 1.21.4
[13:16:54] [Server thread/INFO]: Loading properties
[13:16:55] [Server thread/INFO]: This server is running Paper version 1.21.4-231-ver/1.21.4@09e9afd (2025-05-19T17:59:36Z) (Implementing API version 1.21.4-R0.1-SNAPSHOT)
[13:16:55] [Server thread/INFO]: [spark] This server bundles the spark profiler. For more information please visit https://docs.papermc.io/paper/profiling
[13:16:55] [Server thread/INFO]: Server Ping Player Sample Count: 12
[13:16:55] [Server thread/INFO]: Using 4 threads for Netty based IO
[13:16:56] [Server thread/INFO]: [MoonriseCommon] Paper is using 1 worker threads, 1 I/O threads
[13:16:56] [Server thread/INFO]: [ChunkTaskScheduler] Chunk system is using population gen parallelism: true
[13:16:56] [Server thread/INFO]: Default game type: SURVIVAL
[13:16:56] [Server thread/INFO]: Generating keypair
[13:16:56] [Server thread/INFO]: Starting Minecraft server on *:25565
[13:16:56] [Server thread/INFO]: Using epoll channel type
[13:16:56] [Server thread/INFO]: Paper: Using libdeflate (Linux x86_64) compression from Velocity.
[13:16:56] [Server thread/INFO]: Paper: Using OpenSSL 1.1.x (Linux x86_64) cipher from Velocity.
[13:16:56] [Server thread/WARN]: **** SERVER IS RUNNING IN OFFLINE/INSECURE MODE!
[13:16:56] [Server thread/WARN]: The server will make no attempt to authenticate usernames. Beware.
[13:16:56] [Server thread/WARN]: While this makes the game possible to play without internet access, it also opens up the ability for hackers to connect with any username they choose.
[13:16:56] [Server thread/WARN]: To change this, set "online-mode" to "true" in the server.properties file.
[13:16:56] [Server thread/INFO]: Preparing level "world"
[13:17:06] [Server thread/INFO]: Preparing start region for dimension minecraft:overworld
[13:17:06] [Server thread/INFO]: Preparing spawn area: 2%
[13:17:06] [Server thread/INFO]: Preparing spawn area: 2%
[13:17:07] [Server thread/INFO]: Preparing spawn area: 2%
[13:17:07] [Server thread/INFO]: Preparing spawn area: 4%
[13:17:08] [Server thread/INFO]: Preparing spawn area: 18%
[13:17:08] [Server thread/INFO]: Preparing spawn area: 18%
[13:17:09] [Server thread/INFO]: Preparing spawn area: 18%
[13:17:09] [Server thread/INFO]: Preparing spawn area: 51%
[13:17:10] [Server thread/INFO]: Preparing spawn area: 51%
[13:17:10] [Server thread/INFO]: Preparing spawn area: 57%
[13:17:11] [Server thread/INFO]: Preparing spawn area: 59%
[13:17:11] [Server thread/INFO]: Time elapsed: 5115 ms
[13:17:11] [Server thread/INFO]: Preparing start region for dimension minecraft:the_nether
[13:17:11] [Server thread/INFO]: Preparing spawn area: 2%
[13:17:11] [Server thread/INFO]: Preparing spawn area: 4%
[13:17:12] [Server thread/INFO]: Preparing spawn area: 18%
[13:17:12] [Server thread/INFO]: Preparing spawn area: 51%
[13:17:12] [Server thread/INFO]: Time elapsed: 1702 ms
[13:17:12] [Server thread/INFO]: Preparing start region for dimension minecraft:the_end
[13:17:12] [Server thread/INFO]: Preparing spawn area: 2%
[13:17:13] [Server thread/INFO]: Preparing spawn area: 51%
[13:17:13] [Server thread/INFO]: Time elapsed: 520 ms
[13:17:13] [Server thread/INFO]: [spark] Starting background profiler...
[13:17:13] [Server thread/INFO]: Done preparing level "world" (17.127s)
[13:17:13] [Server thread/INFO]: Running delayed init tasks
[13:17:13] [Server thread/INFO]: Done (30.701s)! For help, type "help"
[13:17:13] [Server thread/INFO]: *************************************************************************************
[13:17:13] [Server thread/INFO]: This is the first time you're starting this server.
[13:17:13] [Server thread/INFO]: It's recommended you read our 'Getting Started' documentation for guidance.
[13:17:13] [Server thread/INFO]: View this and more helpful information here: https://docs.papermc.io/paper/next-steps
[13:17:13] [Server thread/INFO]: *************************************************************************************
[13:17:29] [Server thread/INFO]: Made emp_er a server operator
